  World.cpp
  Utility.cpp
  TitleState.cpp
  TextNode.cpp
  StateStack.cpp
  State.cpp
  SpriteNode.cpp
  SoundPlayer.cpp
  SoundNode.cpp
  SettingsState.cpp
  SceneNode.cpp
  Projectile.cpp
  PostEffect.cpp
  Player.cpp
  Pickup.cpp
  PauseState.cpp
  ParticleNode.cpp
  NetworkNode.cpp
c:\users\cwhit\chickengame\chickengame\chickengame\networknode.cpp(13): error C2039: 'Network': is not a member of 'Category'
  c:\users\cwhit\chickengame\chickengame\chickengame\category.hpp(6): note: see declaration of 'Category'
c:\users\cwhit\chickengame\chickengame\chickengame\networknode.cpp(13): error C2065: 'Network': undeclared identifier
  MusicPlayer.cpp
  MultiplayerGameState.cpp
c:\users\cwhit\chickengame\chickengame\chickengame\multiplayergamestate.cpp(41): error C2661: 'World::World': no overloaded function takes 4 arguments
c:\users\cwhit\chickengame\chickengame\chickengame\multiplayergamestate.cpp(206): error C2039: 'pollGameAction': is not a member of 'World'
  c:\users\cwhit\chickengame\chickengame\chickengame\world.hpp(28): note: see declaration of 'World'
  Generating Code...
  Compiling...
  MenuState.cpp
  main.cpp
  Label.cpp
  KeyBinding.cpp
  GameState.cpp
  GameServer.cpp
  GameOverState.cpp
  Entity.cpp
  EmitterNode.cpp
  DataTables.cpp
  Container.cpp
  Component.cpp
  CommandQueue.cpp
  Command.cpp
  Button.cpp
  BloomEffect.cpp
  Application.cpp
  Animation.cpp
  Aircraft.cpp
c1xx : fatal error C1083: Cannot open source file: 'Aircraft.cpp': No such file or directory
  Generating Code...
