  World.cpp
c:\users\paddy\documents\c++\chickengame\chickengame\chickengame\scenenode.hpp(5): fatal error C1083: Cannot open include file: 'SFML/System/NonCopyable.hpp': No such file or directory
  Utility.cpp
c:\users\paddy\documents\c++\chickengame\chickengame\chickengame\utility.hpp(2): fatal error C1083: Cannot open include file: 'SFML/Window/Keyboard.hpp': No such file or directory
  TitleState.cpp
c:\users\paddy\documents\c++\chickengame\chickengame\chickengame\state.hpp(6): fatal error C1083: Cannot open include file: 'SFML/System/Time.hpp': No such file or directory
  TextNode.cpp
c:\users\paddy\documents\c++\chickengame\chickengame\chickengame\scenenode.hpp(5): fatal error C1083: Cannot open include file: 'SFML/System/NonCopyable.hpp': No such file or directory
  StateStack.cpp
c:\users\paddy\documents\c++\chickengame\chickengame\chickengame\state.hpp(6): fatal error C1083: Cannot open include file: 'SFML/System/Time.hpp': No such file or directory
  State.cpp
c:\users\paddy\documents\c++\chickengame\chickengame\chickengame\state.hpp(6): fatal error C1083: Cannot open include file: 'SFML/System/Time.hpp': No such file or directory
  SpriteNode.cpp
c:\users\paddy\documents\c++\chickengame\chickengame\chickengame\scenenode.hpp(5): fatal error C1083: Cannot open include file: 'SFML/System/NonCopyable.hpp': No such file or directory
  SoundPlayer.cpp
c:\users\paddy\documents\c++\chickengame\chickengame\chickengame\soundplayer.hpp(5): fatal error C1083: Cannot open include file: 'SFML/System/NonCopyable.hpp': No such file or directory
  SoundNode.cpp
c:\users\paddy\documents\c++\chickengame\chickengame\chickengame\scenenode.hpp(5): fatal error C1083: Cannot open include file: 'SFML/System/NonCopyable.hpp': No such file or directory
  SettingsState.cpp
c:\users\paddy\documents\c++\chickengame\chickengame\chickengame\state.hpp(6): fatal error C1083: Cannot open include file: 'SFML/System/Time.hpp': No such file or directory
  SceneNode.cpp
c:\users\paddy\documents\c++\chickengame\chickengame\chickengame\scenenode.hpp(5): fatal error C1083: Cannot open include file: 'SFML/System/NonCopyable.hpp': No such file or directory
  Projectile.cpp
c:\users\paddy\documents\c++\chickengame\chickengame\chickengame\scenenode.hpp(5): fatal error C1083: Cannot open include file: 'SFML/System/NonCopyable.hpp': No such file or directory
  PostEffect.cpp
c:\users\paddy\documents\c++\chickengame\chickengame\chickengame\posteffect.hpp(2): fatal error C1083: Cannot open include file: 'SFML/System/NonCopyable.hpp': No such file or directory
  Player.cpp
c:\users\paddy\documents\c++\chickengame\chickengame\chickengame\command.hpp(6): fatal error C1083: Cannot open include file: 'SFML/System/Time.hpp': No such file or directory
  Pickup.cpp
c:\users\paddy\documents\c++\chickengame\chickengame\chickengame\scenenode.hpp(5): fatal error C1083: Cannot open include file: 'SFML/System/NonCopyable.hpp': No such file or directory
  PauseState.cpp
c:\users\paddy\documents\c++\chickengame\chickengame\chickengame\state.hpp(6): fatal error C1083: Cannot open include file: 'SFML/System/Time.hpp': No such file or directory
  ParticleNode.cpp
c:\users\paddy\documents\c++\chickengame\chickengame\chickengame\scenenode.hpp(5): fatal error C1083: Cannot open include file: 'SFML/System/NonCopyable.hpp': No such file or directory
  NetworkNode.cpp
c:\users\paddy\documents\c++\chickengame\chickengame\chickengame\scenenode.hpp(5): fatal error C1083: Cannot open include file: 'SFML/System/NonCopyable.hpp': No such file or directory
  MusicPlayer.cpp
c:\users\paddy\documents\c++\chickengame\chickengame\chickengame\musicplayer.hpp(5): fatal error C1083: Cannot open include file: 'SFML/System/NonCopyable.hpp': No such file or directory
  MultiplayerGameState.cpp
c:\users\paddy\documents\c++\chickengame\chickengame\chickengame\state.hpp(6): fatal error C1083: Cannot open include file: 'SFML/System/Time.hpp': No such file or directory
  Generating Code...
  Compiling...
  MenuState.cpp
c:\users\paddy\documents\c++\chickengame\chickengame\chickengame\state.hpp(6): fatal error C1083: Cannot open include file: 'SFML/System/Time.hpp': No such file or directory
  main.cpp
c:\users\paddy\documents\c++\chickengame\chickengame\chickengame\command.hpp(6): fatal error C1083: Cannot open include file: 'SFML/System/Time.hpp': No such file or directory
  Label.cpp
c:\users\paddy\documents\c++\chickengame\chickengame\chickengame\component.hpp(3): fatal error C1083: Cannot open include file: 'SFML/System/NonCopyable.hpp': No such file or directory
  KeyBinding.cpp
c:\users\paddy\documents\c++\chickengame\chickengame\chickengame\keybinding.hpp(2): fatal error C1083: Cannot open include file: 'SFML/Window/Keyboard.hpp': No such file or directory
  GameState.cpp
c:\users\paddy\documents\c++\chickengame\chickengame\chickengame\state.hpp(6): fatal error C1083: Cannot open include file: 'SFML/System/Time.hpp': No such file or directory
  GameServer.cpp
c:\users\paddy\documents\c++\chickengame\chickengame\chickengame\gameserver.hpp(3): fatal error C1083: Cannot open include file: 'SFML/System/Vector2.hpp': No such file or directory
  GameOverState.cpp
c:\users\paddy\documents\c++\chickengame\chickengame\chickengame\state.hpp(6): fatal error C1083: Cannot open include file: 'SFML/System/Time.hpp': No such file or directory
  Entity.cpp
c:\users\paddy\documents\c++\chickengame\chickengame\chickengame\scenenode.hpp(5): fatal error C1083: Cannot open include file: 'SFML/System/NonCopyable.hpp': No such file or directory
  EmitterNode.cpp
c:\users\paddy\documents\c++\chickengame\chickengame\chickengame\scenenode.hpp(5): fatal error C1083: Cannot open include file: 'SFML/System/NonCopyable.hpp': No such file or directory
  DataTables.cpp
c:\users\paddy\documents\c++\chickengame\chickengame\chickengame\datatables.hpp(5): fatal error C1083: Cannot open include file: 'SFML/System/Time.hpp': No such file or directory
  Container.cpp
c:\users\paddy\documents\c++\chickengame\chickengame\chickengame\component.hpp(3): fatal error C1083: Cannot open include file: 'SFML/System/NonCopyable.hpp': No such file or directory
  Component.cpp
c:\users\paddy\documents\c++\chickengame\chickengame\chickengame\component.hpp(3): fatal error C1083: Cannot open include file: 'SFML/System/NonCopyable.hpp': No such file or directory
  CommandQueue.cpp
c:\users\paddy\documents\c++\chickengame\chickengame\chickengame\command.hpp(6): fatal error C1083: Cannot open include file: 'SFML/System/Time.hpp': No such file or directory
  Command.cpp
c:\users\paddy\documents\c++\chickengame\chickengame\chickengame\command.hpp(6): fatal error C1083: Cannot open include file: 'SFML/System/Time.hpp': No such file or directory
  Button.cpp
c:\users\paddy\documents\c++\chickengame\chickengame\chickengame\component.hpp(3): fatal error C1083: Cannot open include file: 'SFML/System/NonCopyable.hpp': No such file or directory
  BloomEffect.cpp
c:\users\paddy\documents\c++\chickengame\chickengame\chickengame\posteffect.hpp(2): fatal error C1083: Cannot open include file: 'SFML/System/NonCopyable.hpp': No such file or directory
  Application.cpp
c:\users\paddy\documents\c++\chickengame\chickengame\chickengame\command.hpp(6): fatal error C1083: Cannot open include file: 'SFML/System/Time.hpp': No such file or directory
  Animation.cpp
c:\users\paddy\documents\c++\chickengame\chickengame\chickengame\animation.hpp(2): fatal error C1083: Cannot open include file: 'SFML/Graphics/Sprite.hpp': No such file or directory
  Aircraft.cpp
c:\users\paddy\documents\c++\chickengame\chickengame\chickengame\scenenode.hpp(5): fatal error C1083: Cannot open include file: 'SFML/System/NonCopyable.hpp': No such file or directory
  Generating Code...
